-------------------------------------------------------------------------------
Test set: com.poe.demotestunitaire.calculator.CalculatorTest
-------------------------------------------------------------------------------
Tests run: 4, Failures: 1, Errors: 0, Skipped: 0, Time elapsed: 0.081 s <<< FAILURE! - in com.poe.demotestunitaire.calculator.CalculatorTest
testMaxWithOneParam{int}[4]  Time elapsed: 0.006 s  <<< FAILURE!
org.opentest4j.AssertionFailedError: expected: <-1> but was: <0>
	at com.poe.demotestunitaire.calculator.CalculatorTest.testMaxWithOneParam(CalculatorTest.java:209)

