<?xml version="1.0" encoding="UTF-8"?>
<testsuite xmlns:xsi="http://www.w3.org/2001/XMLSchema-instance" xsi:noNamespaceSchemaLocation="https://maven.apache.org/surefire/maven-surefire-plugin/xsd/surefire-test-report.xsd" name="com.poe.demotestunitaire.calculator.CalculatorTest" time="0.081" tests="4" errors="0" skipped="0" failures="1">
  <properties>
[...]
</properties>
  <testcase name="testMaxWithOneParam{int}[1]" classname="com.poe.demotestunitaire.calculator.CalculatorTest" time="0.029"/>
  <testcase name="testMaxWithOneParam{int}[2]" classname="com.poe.demotestunitaire.calculator.CalculatorTest" time="0.001"/>
  <testcase name="testMaxWithOneParam{int}[3]" classname="com.poe.demotestunitaire.calculator.CalculatorTest" time="0.001"/>
  <testcase name="testMaxWithOneParam{int}[4]" classname="com.poe.demotestunitaire.calculator.CalculatorTest" time="0.006">
    <failure message="expected: &lt;-1&gt; but was: &lt;0&gt;" type="org.opentest4j.AssertionFailedError"><![CDATA[org.opentest4j.AssertionFailedError: expected: <-1> but was: <0>
	at com.poe.demotestunitaire.calculator.CalculatorTest.testMaxWithOneParam(CalculatorTest.java:209)
]]></failure>
  </testcase>
</testsuite>